2024-06-21 11:03:33 INFO  c.a.backendv1.Backendv1Application - Starting Backendv1Application using Java 22.0.1 with PID 44494 (/Users/sergiovinicio/Documents/GitHub/aluControl/backendv1/target/classes started by sergiovinicio in /Users/sergiovinicio/Documents/GitHub/aluControl)
2024-06-21 11:03:33 INFO  c.a.backendv1.Backendv1Application - No active profile set, falling back to 1 default profile: "default"
2024-06-21 11:03:33 INFO  o.s.b.d.e.DevToolsPropertyDefaultsPostProcessor - Devtools property defaults active! Set 'spring.devtools.add-properties' to 'false' to disable
2024-06-21 11:03:33 INFO  o.s.b.d.e.DevToolsPropertyDefaultsPostProcessor - For additional web related logging consider setting the 'logging.level.web' property to 'DEBUG'
2024-06-21 11:03:33 INFO  o.s.d.r.c.RepositoryConfigurationDelegate - Bootstrapping Spring Data JPA repositories in DEFAULT mode.
2024-06-21 11:03:33 INFO  o.s.d.r.c.RepositoryConfigurationDelegate - Finished Spring Data repository scanning in 18 ms. Found 4 JPA repository interfaces.
2024-06-21 11:03:33 INFO  o.s.b.w.e.tomcat.TomcatWebServer - Tomcat initialized with port 8080 (http)
2024-06-21 11:03:33 INFO  o.a.coyote.http11.Http11NioProtocol - Initializing ProtocolHandler ["http-nio-8080"]
2024-06-21 11:03:33 INFO  o.a.catalina.core.StandardService - Starting service [Tomcat]
2024-06-21 11:03:33 INFO  o.a.catalina.core.StandardEngine - Starting Servlet engine: [Apache Tomcat/10.1.20]
2024-06-21 11:03:33 INFO  o.a.c.c.C.[Tomcat].[localhost].[/] - Initializing Spring embedded WebApplicationContext
2024-06-21 11:03:33 INFO  o.s.b.w.s.c.ServletWebServerApplicationContext - Root WebApplicationContext: initialization completed in 471 ms
2024-06-21 11:03:33 INFO  o.h.jpa.internal.util.LogHelper - HHH000204: Processing PersistenceUnitInfo [name: default]
2024-06-21 11:03:33 INFO  org.hibernate.Version - HHH000412: Hibernate ORM core version 6.4.4.Final
2024-06-21 11:03:34 INFO  o.h.c.i.RegionFactoryInitiator - HHH000026: Second-level cache disabled
2024-06-21 11:03:34 INFO  o.s.o.j.p.SpringPersistenceUnitInfo - No LoadTimeWeaver setup: ignoring JPA class transformer
2024-06-21 11:03:34 INFO  com.zaxxer.hikari.HikariDataSource - HikariPool-1 - Starting...
2024-06-21 11:03:34 INFO  com.zaxxer.hikari.pool.HikariPool - HikariPool-1 - Added connection com.mysql.cj.jdbc.ConnectionImpl@4c166091
2024-06-21 11:03:34 INFO  com.zaxxer.hikari.HikariDataSource - HikariPool-1 - Start completed.
2024-06-21 11:03:34 INFO  o.h.e.t.j.p.i.JtaPlatformInitiator - HHH000489: No JTA platform available (set 'hibernate.transaction.jta.platform' to enable JTA platform integration)
2024-06-21 11:03:34 INFO  o.s.o.j.LocalContainerEntityManagerFactoryBean - Initialized JPA EntityManagerFactory for persistence unit 'default'
2024-06-21 11:03:34 INFO  o.s.d.j.r.query.QueryEnhancerFactory - Hibernate is in classpath; If applicable, HQL parser will be used.
2024-06-21 11:03:35 WARN  o.s.b.a.o.j.JpaBaseConfiguration$JpaWebConfiguration - spring.jpa.open-in-view is enabled by default. Therefore, database queries may be performed during view rendering. Explicitly configure spring.jpa.open-in-view to disable this warning
2024-06-21 11:03:35 INFO  o.s.b.a.w.s.WelcomePageHandlerMapping - Adding welcome page: URL [file:/Users/sergiovinicio/Documents/GitHub/aluControl/frontend/pilotProjectAluControl/html/index.html]
2024-06-21 11:03:35 INFO  o.s.b.d.a.OptionalLiveReloadServer - LiveReload server is running on port 35729
2024-06-21 11:03:35 INFO  o.a.coyote.http11.Http11NioProtocol - Starting ProtocolHandler ["http-nio-8080"]
2024-06-21 11:03:35 INFO  o.s.b.w.e.tomcat.TomcatWebServer - Tomcat started on port 8080 (http) with context path ''
2024-06-21 11:03:35 INFO  c.a.backendv1.Backendv1Application - Started Backendv1Application in 1.931 seconds (process running for 2.338)
2024-06-21 11:03:41 INFO  o.a.c.c.C.[Tomcat].[localhost].[/] - Initializing Spring DispatcherServlet 'dispatcherServlet'
2024-06-21 11:03:41 INFO  o.s.web.servlet.DispatcherServlet - Initializing Servlet 'dispatcherServlet'
2024-06-21 11:03:41 INFO  o.s.web.servlet.DispatcherServlet - Completed initialization in 1 ms
2024-06-21 11:03:47 INFO  c.a.backendv1.Util.LoggerUtil - Fetching all rent records
2024-06-21 11:03:47 INFO  c.a.backendv1.Util.LoggerUtil - Fetched 12 rent records
2024-06-21 11:04:03 INFO  c.a.backendv1.Util.LoggerUtil - Fetching all rent records
2024-06-21 11:04:03 INFO  c.a.backendv1.Util.LoggerUtil - Fetched 12 rent records
2024-06-21 11:08:44 INFO  c.a.backendv1.Util.LoggerUtil - Date converted, from:2024-06-28 to: 2024-06-21
2024-06-21 11:08:44 INFO  c.a.backendv1.Util.LoggerUtil - Date converted, from:2024-06-30 to: 2024-06-21
2024-06-21 11:08:44 INFO  c.a.backendv1.Util.LoggerUtil - Renting Item: Scaffolds
2024-06-21 11:08:44 INFO  c.a.backendv1.Util.LoggerUtil - Getting the Item Available Qty: 5.0
2024-06-21 11:08:44 INFO  c.a.backendv1.Util.LoggerUtil - Getting the quantity: 1
2024-06-21 11:08:44 INFO  c.a.backendv1.Util.LoggerUtil - The new Qty Available is:  4.0
2024-06-21 11:08:44 INFO  c.a.backendv1.Util.LoggerUtil - Rent created0
2024-06-21 11:08:44 INFO  c.a.backendv1.Util.LoggerUtil - Save Rent endpoint accessed for rent: 48
2024-06-21 11:09:05 INFO  c.a.backendv1.Util.LoggerUtil - Date converted, from:2024-06-28 to: 2024-06-21
2024-06-21 11:09:05 INFO  c.a.backendv1.Util.LoggerUtil - Date converted, from:2024-06-30 to: 2024-06-21
2024-06-21 11:09:05 INFO  c.a.backendv1.Util.LoggerUtil - Renting Item: Scaffolds
2024-06-21 11:09:05 INFO  c.a.backendv1.Util.LoggerUtil - Getting the Item Available Qty: 4.0
2024-06-21 11:09:05 INFO  c.a.backendv1.Util.LoggerUtil - Getting the quantity: 1
2024-06-21 11:09:05 INFO  c.a.backendv1.Util.LoggerUtil - The new Qty Available is:  3.0
2024-06-21 11:09:05 INFO  c.a.backendv1.Util.LoggerUtil - Rent created0
2024-06-21 11:09:05 INFO  c.a.backendv1.Util.LoggerUtil - Save Rent endpoint accessed for rent: 49
2024-06-21 11:10:02 INFO  o.s.o.j.LocalContainerEntityManagerFactoryBean - Closing JPA EntityManagerFactory for persistence unit 'default'
2024-06-21 11:10:02 INFO  com.zaxxer.hikari.HikariDataSource - HikariPool-1 - Shutdown initiated...
2024-06-21 11:10:02 INFO  com.zaxxer.hikari.HikariDataSource - HikariPool-1 - Shutdown completed.
2024-06-21 11:17:50 INFO  c.a.backendv1.Backendv1Application - Starting Backendv1Application using Java 22.0.1 with PID 44991 (/Users/sergiovinicio/Documents/GitHub/aluControl/backendv1/target/classes started by sergiovinicio in /Users/sergiovinicio/Documents/GitHub/aluControl)
2024-06-21 11:17:50 INFO  c.a.backendv1.Backendv1Application - No active profile set, falling back to 1 default profile: "default"
2024-06-21 11:17:50 INFO  o.s.b.d.e.DevToolsPropertyDefaultsPostProcessor - Devtools property defaults active! Set 'spring.devtools.add-properties' to 'false' to disable
2024-06-21 11:17:50 INFO  o.s.b.d.e.DevToolsPropertyDefaultsPostProcessor - For additional web related logging consider setting the 'logging.level.web' property to 'DEBUG'
2024-06-21 11:17:50 INFO  o.s.d.r.c.RepositoryConfigurationDelegate - Bootstrapping Spring Data JPA repositories in DEFAULT mode.
2024-06-21 11:17:50 INFO  o.s.d.r.c.RepositoryConfigurationDelegate - Finished Spring Data repository scanning in 17 ms. Found 4 JPA repository interfaces.
2024-06-21 11:17:50 INFO  o.s.b.w.e.tomcat.TomcatWebServer - Tomcat initialized with port 8080 (http)
2024-06-21 11:17:50 INFO  o.a.coyote.http11.Http11NioProtocol - Initializing ProtocolHandler ["http-nio-8080"]
2024-06-21 11:17:50 INFO  o.a.catalina.core.StandardService - Starting service [Tomcat]
2024-06-21 11:17:50 INFO  o.a.catalina.core.StandardEngine - Starting Servlet engine: [Apache Tomcat/10.1.20]
2024-06-21 11:17:50 INFO  o.a.c.c.C.[Tomcat].[localhost].[/] - Initializing Spring embedded WebApplicationContext
2024-06-21 11:17:50 INFO  o.s.b.w.s.c.ServletWebServerApplicationContext - Root WebApplicationContext: initialization completed in 457 ms
2024-06-21 11:17:50 INFO  o.h.jpa.internal.util.LogHelper - HHH000204: Processing PersistenceUnitInfo [name: default]
2024-06-21 11:17:50 INFO  org.hibernate.Version - HHH000412: Hibernate ORM core version 6.4.4.Final
2024-06-21 11:17:50 INFO  o.h.c.i.RegionFactoryInitiator - HHH000026: Second-level cache disabled
2024-06-21 11:17:50 INFO  o.s.o.j.p.SpringPersistenceUnitInfo - No LoadTimeWeaver setup: ignoring JPA class transformer
2024-06-21 11:17:50 INFO  com.zaxxer.hikari.HikariDataSource - HikariPool-1 - Starting...
2024-06-21 11:17:51 INFO  com.zaxxer.hikari.pool.HikariPool - HikariPool-1 - Added connection com.mysql.cj.jdbc.ConnectionImpl@2e931728
2024-06-21 11:17:51 INFO  com.zaxxer.hikari.HikariDataSource - HikariPool-1 - Start completed.
2024-06-21 11:17:51 INFO  o.h.e.t.j.p.i.JtaPlatformInitiator - HHH000489: No JTA platform available (set 'hibernate.transaction.jta.platform' to enable JTA platform integration)
2024-06-21 11:17:51 INFO  o.s.o.j.LocalContainerEntityManagerFactoryBean - Initialized JPA EntityManagerFactory for persistence unit 'default'
2024-06-21 11:17:51 INFO  o.s.d.j.r.query.QueryEnhancerFactory - Hibernate is in classpath; If applicable, HQL parser will be used.
2024-06-21 11:17:51 WARN  o.s.b.a.o.j.JpaBaseConfiguration$JpaWebConfiguration - spring.jpa.open-in-view is enabled by default. Therefore, database queries may be performed during view rendering. Explicitly configure spring.jpa.open-in-view to disable this warning
2024-06-21 11:17:51 INFO  o.s.b.a.w.s.WelcomePageHandlerMapping - Adding welcome page: URL [file:/Users/sergiovinicio/Documents/GitHub/aluControl/frontend/pilotProjectAluControl/html/index.html]
2024-06-21 11:17:52 INFO  o.s.b.d.a.OptionalLiveReloadServer - LiveReload server is running on port 35729
2024-06-21 11:17:52 INFO  o.a.coyote.http11.Http11NioProtocol - Starting ProtocolHandler ["http-nio-8080"]
2024-06-21 11:17:52 INFO  o.s.b.w.e.tomcat.TomcatWebServer - Tomcat started on port 8080 (http) with context path ''
2024-06-21 11:17:52 INFO  c.a.backendv1.Backendv1Application - Started Backendv1Application in 1.943 seconds (process running for 2.428)
2024-06-21 11:17:55 INFO  o.a.c.c.C.[Tomcat].[localhost].[/] - Initializing Spring DispatcherServlet 'dispatcherServlet'
2024-06-21 11:17:55 INFO  o.s.web.servlet.DispatcherServlet - Initializing Servlet 'dispatcherServlet'
2024-06-21 11:17:55 INFO  o.s.web.servlet.DispatcherServlet - Completed initialization in 2 ms
2024-06-21 11:17:55 ERROR c.a.backendv1.Util.LoggerUtil - GenericException handled: Request method 'GET' is not supported
org.springframework.web.HttpRequestMethodNotSupportedException: Request method 'GET' is not supported
	at org.springframework.web.servlet.mvc.method.RequestMappingInfoHandlerMapping.handleNoMatch(RequestMappingInfoHandlerMapping.java:267)
	at org.springframework.web.servlet.handler.AbstractHandlerMethodMapping.lookupHandlerMethod(AbstractHandlerMethodMapping.java:441)
	at org.springframework.web.servlet.handler.AbstractHandlerMethodMapping.getHandlerInternal(AbstractHandlerMethodMapping.java:382)
	at org.springframework.web.servlet.mvc.method.RequestMappingInfoHandlerMapping.getHandlerInternal(RequestMappingInfoHandlerMapping.java:127)
	at org.springframework.web.servlet.mvc.method.RequestMappingInfoHandlerMapping.getHandlerInternal(RequestMappingInfoHandlerMapping.java:68)
	at org.springframework.web.servlet.handler.AbstractHandlerMapping.getHandler(AbstractHandlerMapping.java:507)
	at org.springframework.web.servlet.DispatcherServlet.getHandler(DispatcherServlet.java:1283)
	at org.springframework.web.servlet.DispatcherServlet.doDispatch(DispatcherServlet.java:1065)
	at org.springframework.web.servlet.DispatcherServlet.doService(DispatcherServlet.java:979)
	at org.springframework.web.servlet.FrameworkServlet.processRequest(FrameworkServlet.java:1014)
	at org.springframework.web.servlet.FrameworkServlet.doGet(FrameworkServlet.java:903)
	at jakarta.servlet.http.HttpServlet.service(HttpServlet.java:564)
	at org.springframework.web.servlet.FrameworkServlet.service(FrameworkServlet.java:885)
	at jakarta.servlet.http.HttpServlet.service(HttpServlet.java:658)
	at org.apache.catalina.core.ApplicationFilterChain.internalDoFilter(ApplicationFilterChain.java:206)
	at org.apache.catalina.core.ApplicationFilterChain.doFilter(ApplicationFilterChain.java:150)
	at org.apache.tomcat.websocket.server.WsFilter.doFilter(WsFilter.java:51)
	at org.apache.catalina.core.ApplicationFilterChain.internalDoFilter(ApplicationFilterChain.java:175)
	at org.apache.catalina.core.ApplicationFilterChain.doFilter(ApplicationFilterChain.java:150)
	at org.springframework.web.filter.RequestContextFilter.doFilterInternal(RequestContextFilter.java:100)
	at org.springframework.web.filter.OncePerRequestFilter.doFilter(OncePerRequestFilter.java:116)
	at org.apache.catalina.core.ApplicationFilterChain.internalDoFilter(ApplicationFilterChain.java:175)
	at org.apache.catalina.core.ApplicationFilterChain.doFilter(ApplicationFilterChain.java:150)
	at org.springframework.web.filter.FormContentFilter.doFilterInternal(FormContentFilter.java:93)
	at org.springframework.web.filter.OncePerRequestFilter.doFilter(OncePerRequestFilter.java:116)
	at org.apache.catalina.core.ApplicationFilterChain.internalDoFilter(ApplicationFilterChain.java:175)
	at org.apache.catalina.core.ApplicationFilterChain.doFilter(ApplicationFilterChain.java:150)
	at org.springframework.web.filter.CharacterEncodingFilter.doFilterInternal(CharacterEncodingFilter.java:201)
	at org.springframework.web.filter.OncePerRequestFilter.doFilter(OncePerRequestFilter.java:116)
	at org.apache.catalina.core.ApplicationFilterChain.internalDoFilter(ApplicationFilterChain.java:175)
	at org.apache.catalina.core.ApplicationFilterChain.doFilter(ApplicationFilterChain.java:150)
	at org.apache.catalina.core.StandardWrapperValve.invoke(StandardWrapperValve.java:167)
	at org.apache.catalina.core.StandardContextValve.invoke(StandardContextValve.java:90)
	at org.apache.catalina.authenticator.AuthenticatorBase.invoke(AuthenticatorBase.java:482)
	at org.apache.catalina.core.StandardHostValve.invoke(StandardHostValve.java:115)
	at org.apache.catalina.valves.ErrorReportValve.invoke(ErrorReportValve.java:93)
	at org.apache.catalina.core.StandardEngineValve.invoke(StandardEngineValve.java:74)
	at org.apache.catalina.connector.CoyoteAdapter.service(CoyoteAdapter.java:344)
	at org.apache.coyote.http11.Http11Processor.service(Http11Processor.java:391)
	at org.apache.coyote.AbstractProcessorLight.process(AbstractProcessorLight.java:63)
	at org.apache.coyote.AbstractProtocol$ConnectionHandler.process(AbstractProtocol.java:896)
	at org.apache.tomcat.util.net.NioEndpoint$SocketProcessor.doRun(NioEndpoint.java:1736)
	at org.apache.tomcat.util.net.SocketProcessorBase.run(SocketProcessorBase.java:52)
	at org.apache.tomcat.util.threads.ThreadPoolExecutor.runWorker(ThreadPoolExecutor.java:1191)
	at org.apache.tomcat.util.threads.ThreadPoolExecutor$Worker.run(ThreadPoolExecutor.java:659)
	at org.apache.tomcat.util.threads.TaskThread$WrappingRunnable.run(TaskThread.java:63)
	at java.base/java.lang.Thread.run(Thread.java:1570)
2024-06-21 11:17:55 WARN  o.s.w.s.m.m.a.ExceptionHandlerExceptionResolver - Resolved [org.springframework.web.HttpRequestMethodNotSupportedException: Request method 'GET' is not supported]
2024-06-21 11:18:01 INFO  c.a.backendv1.Util.LoggerUtil - Fetching all rent records
2024-06-21 11:18:01 INFO  c.a.backendv1.Util.LoggerUtil - Fetched 14 rent records
2024-06-21 11:19:10 INFO  c.a.backendv1.Util.LoggerUtil - Fetching all rent records
2024-06-21 11:19:10 INFO  c.a.backendv1.Util.LoggerUtil - Fetched 14 rent records
2024-06-21 11:19:15 INFO  c.a.backendv1.Util.LoggerUtil - Fetching all rent records
2024-06-21 11:19:15 INFO  c.a.backendv1.Util.LoggerUtil - Fetched 14 rent records
2024-06-21 11:19:34 INFO  c.a.backendv1.Util.LoggerUtil - Fetching all rent records
2024-06-21 11:19:34 INFO  c.a.backendv1.Util.LoggerUtil - Fetched 14 rent records
